open source     > level 1, order 1, name '/usr/share/texmf/tex/context/base/mkiv/cont-yes.mkiv'
system          > 
system          > ConTeXt  ver: 2019.03.21 21:39 MKIV beta  fmt: 2022.1.31  int: english/english
system          > 
system          > 'cont-new.mkiv' loaded
open source     > level 2, order 2, name '/usr/share/texmf/tex/context/base/mkiv/cont-new.mkiv'
system          > beware: some patches loaded from cont-new.mkiv
close source    > level 2, order 2, name '/usr/share/texmf/tex/context/base/mkiv/cont-new.mkiv'
system          > files > jobname 'resume', input './resume', result 'resume'
fonts           > latin modern fonts are not preloaded
languages       > language 'en' is active
open source     > level 2, order 3, name '/home/user/Git/pandoc_resume_og/output/resume.tex'
colors          > defining > unknown library 'hex'
open source     > level 3, order 4, name '/usr/share/texmf/tex/context/fonts/mkiv/type-imp-texgyre.mkiv'
close source    > level 3, order 4, name '/usr/share/texmf/tex/context/fonts/mkiv/type-imp-texgyre.mkiv'
structure       > sectioning > section @ level 3 : 0.0.1 -> Du Tham Lieu
structure       > sectioning > subsection @ level 4 : 0.0.1.1 -> Education
structure       > sectioning > subsection @ level 4 : 0.0.1.2 -> Experience
structure       > sectioning > subsection @ level 4 : 0.0.1.3 -> Technical Competence

Overfull \hbox (6.65793pt too wide) in paragraph at lines 140--142
 []<1: texgyreheros-regular @ 11.0pt> Git, Git-lab, Docker, Ku-ber-netes, <10: texgyreheros-bold @ 11.0pt> Ter-raform<1: texgyreheros-regular @ 11.0pt> , <10: texgyreheros-bold @ 11.0pt> AWS Cloud-for-ma-tion<1: texgyreheros-regular @ 11.0pt> , <10: texgyreheros-bold @ 11.0pt> Jenk-ins<1: texgyreheros-regular @ 11.0pt> , Spark 

\hbox(11.62192+4.51962)x483.69687, glue set - 1.0, direction TLT
.\glue(\leftskip) 91.0488
.\localpar
..\localinterlinepenalty=0
..\localbrokenpenalty=0
..\localleftbox=null
..\localrightbox=null
.\hbox(11.62192+4.51962)x0.0, glue set - 91.0488fil, direction TLT
..\glue 0.0 plus 1.0fil minus 1.0fil
..\hbox(11.62192+4.51962)x91.0488, direction TLT
...\hbox(11.62192+4.51962)x91.0488, glue set 39.83385fil, direction TLT []
.\penalty 10000
.<1: texgyreheros-regular @ 11.0pt> G
.etc.

backend         > xmp > using file '/usr/share/texmf/tex/context/base/mkiv/lpdf-pdx.xml'
pages           > flushing realpage 1, userpage 1, subpage 1
structure       > sectioning > subsection @ level 4 : 0.0.1.4 -> Extra
pages           > flushing realpage 2, userpage 2, subpage 2
close source    > level 2, order 4, name '/home/user/Git/pandoc_resume_og/output/resume.tex'
close source    > level 1, order 4, name '/usr/share/texmf/tex/context/base/mkiv/cont-yes.mkiv'

system          > start used files

system          > text: resume

system          > stop used files


system          > start used files

system          >    1: filename=char-prv.lua filetype=tex format=tex foundname=/usr/share/texmf/tex/context/base/mkiv/char-prv.lua fullname=/usr/share/texmf/tex/context/base/mkiv/char-prv.lua usedmethod=database
system          >    2: filename=cont-yes.mkiv filetype=tex foundname=/usr/share/texmf/tex/context/base/mkiv/cont-yes.mkiv fullname=/usr/share/texmf/tex/context/base/mkiv/cont-yes.mkiv usedmethod=database
system          >    3: filename=publ-imp-default.lua filetype=scripts foundname=/usr/share/texmf/tex/context/base/mkiv/publ-imp-default.lua fullname=/usr/share/texmf/tex/context/base/mkiv/publ-imp-default.lua usedmethod=database
system          >    4: filename=cont-new.mkiv filetype=tex foundname=/usr/share/texmf/tex/context/base/mkiv/cont-new.mkiv fullname=/usr/share/texmf/tex/context/base/mkiv/cont-new.mkiv usedmethod=database
system          >    5: filename=lang-exc.lua filetype=scripts foundname=/usr/share/texmf/tex/context/base/mkiv/lang-exc.lua fullname=/usr/share/texmf/tex/context/base/mkiv/lang-exc.lua usedmethod=database
system          >    6: filename=lang-us.lua filetype=scripts foundname=/usr/share/texmf/tex/context/patterns/mkiv/lang-us.lua fullname=/usr/share/texmf/tex/context/patterns/mkiv/lang-us.lua usedmethod=database
system          >    7: filename=/home/user/Git/pandoc_resume_og/output/resume.tex foundname=/home/user/Git/pandoc_resume_og/output/resume.tex fullname=/home/user/Git/pandoc_resume_og/output/resume.tex usedmethod=direct
system          >    8: filename=type-imp-texgyre.mkiv filetype=tex foundname=/usr/share/texmf/tex/context/fonts/mkiv/type-imp-texgyre.mkiv fullname=/usr/share/texmf/tex/context/fonts/mkiv/type-imp-texgyre.mkiv usedmethod=database
system          >    9: filename=lm.lfg filetype=tex foundname=/usr/share/texmf/tex/context/fonts/mkiv/lm.lfg fullname=/usr/share/texmf/tex/context/fonts/mkiv/lm.lfg usedmethod=database
system          >   10: filename=texgyreheros-regular filetype=otf format=otf foundname=/usr/share/texmf/fonts/opentype/public/tex-gyre/texgyreheros-regular.otf fullname=/usr/share/texmf/fonts/opentype/public/tex-gyre/texgyreheros-regular.otf usedmethod=database
system          >   11: filename=latinmodern-math.otf filetype=opentypefonts foundname=/usr/share/texmf/fonts/opentype/public/lm-math/latinmodern-math.otf fullname=/usr/share/texmf/fonts/opentype/public/lm-math/latinmodern-math.otf usedmethod=database
system          >   12: filename=texgyreheros-bold filetype=otf format=otf foundname=/usr/share/texmf/fonts/opentype/public/tex-gyre/texgyreheros-bold.otf fullname=/usr/share/texmf/fonts/opentype/public/tex-gyre/texgyreheros-bold.otf usedmethod=database
system          >   13: filename=pdftex.map filetype=map format=map foundname=/usr/share/texlive/texmf-dist/fonts/map/pdftex/updmap/pdftex.map fullname=/usr/share/texlive/texmf-dist/fonts/map/pdftex/updmap/pdftex.map usedmethod=database
system          >   14: filename=lpdf-pdx.xml filetype=tex foundname=/usr/share/texmf/tex/context/base/mkiv/lpdf-pdx.xml fullname=/usr/share/texmf/tex/context/base/mkiv/lpdf-pdx.xml usedmethod=database
system          >   15: filename=lmmono10-regular filetype=otf format=otf foundname=/usr/share/texmf/fonts/opentype/public/lm/lmmono10-regular.otf fullname=/usr/share/texmf/fonts/opentype/public/lm/lmmono10-regular.otf usedmethod=database

system          > stop used files


system          > start commandline options

system          > currentrun="1"
system          > fulljobname="./resume.tex"
system          > input="./resume.tex"
system          > kindofrun="1"
system          > maxnofruns="9"
system          > texmfbinpath="/usr/bin"

system          > stop commandline options


system          > start commandline files

system          >    1: ./resume.tex

system          > stop commandline files


modules         > start used modules


modules         > stop used modules


mkiv lua stats  > used config file: /usr/share/texmf/web2c/texmfcnf.lua;/usr/share/texlive/texmf-dist/web2c/texmfcnf.lua
mkiv lua stats  > used cache path: readable: '/var/lib/texmf/luatex-cache/context/b47c3d3cee7cb6c86268d0595268c442' | readable+writable: '/home/user/.texlive2019/texmf-var/luatex-cache/context/b47c3d3cee7cb6c86268d0595268c442'
mkiv lua stats  > resource resolver: loadtime 0.009 seconds, 0 scans with scantime 0.000 seconds, 0 shared scans, 15 found files, scanned paths: <none>
mkiv lua stats  > stored bytecode data: 443 modules (0.218 sec), 93 tables (0.014 sec), 536 chunks (0.232 sec)
mkiv lua stats  > traced context: maxstack: 1369, freed: 0, unreachable: 1369
mkiv lua stats  > cleaned up reserved nodes: 62 nodes, 9 lists of 440
mkiv lua stats  > node memory usage: 1 glue, 3 kern, 3 penalty, 14 attribute, 50 glue_spec, 4 attribute_list, 2 temp, 2 user_defined
mkiv lua stats  > node list callback tasks: 8 unique task lists, 7 instances (re)created, 476 calls
mkiv lua stats  > driver time: 0.096 seconds 
mkiv lua stats  > used backend: pdf (backend for directly generating pdf output)
mkiv lua stats  > jobdata time: 0.002 seconds saving, 0.001 seconds loading
mkiv lua stats  > callbacks: internal: 952, file: 656, direct: 2, late: 24, function 1065, total: 2699 (2699 per page)
mkiv lua stats  > randomizer: resumed with value 0.58056790009141
mkiv lua stats  > result saved in file: resume.pdf, compresslevel 3, objectcompresslevel 1
mkiv lua stats  > loaded patterns: en::1, load time: 0.000
mkiv lua stats  > interactive elements: 9 references, 10 destinations
mkiv lua stats  > loaded fonts: 4 files: latinmodern-math.otf, lmmono10-regular.otf, texgyreheros-bold.otf, texgyreheros-regular.otf
mkiv lua stats  > font engine: otf 3.107, afm 1.513, tfm 1.000, 13 instances, 7 shared in backend, 3 common vectors, 4 common hashes, load time 0.215 seconds 
mkiv lua stats  > pdf annotations: 9 links (9 unique), 0 special
mkiv lua stats  > used platform: linux-64, type: unix, binary subtree: usr
mkiv lua stats  > used engine: luatex version 1.1 with functionality level 7127, banner: this is luatex, version 1.10.0 (tex live 2019/debian)
mkiv lua stats  > control sequences: 45574 of 65536 + 100000
mkiv lua stats  > lua properties: engine: lua 5.3, used memory: 88 MB (ctx: 87 MB), hash chars: min(64,40), symbol mask: utf (τεχ)
mkiv lua stats  > runtime: 0.681 seconds, 2 processed pages, 2 shipped pages, 2.937 pages/second

